<?xml version="1.0" encoding="UTF-8"?>
<testng-results ignored="0" total="1" passed="1" failed="0" skipped="0">
  <reporter-output>
  </reporter-output>
  <suite started-at="2025-08-20T14:45:29 IST" name="Suite" finished-at="2025-08-20T14:45:29 IST" duration-ms="77">
    <groups>
    </groups>
    <test started-at="2025-08-20T14:45:29 IST" name="Test" finished-at="2025-08-20T14:45:29 IST" duration-ms="77">
      <class name="module_1.Tc_01">
        <test-method is-config="true" signature="beforesuite()[pri:0, instance:module_1.Tc_01@4f83df68]" started-at="2025-08-20T14:45:29 IST" name="beforesuite" finished-at="2025-08-20T14:45:29 IST" duration-ms="24" status="PASS">
          <reporter-output>
          </reporter-output>
        </test-method> <!-- beforesuite -->
        <test-method is-config="true" signature="beforeclass()[pri:0, instance:module_1.Tc_01@4f83df68]" started-at="2025-08-20T14:45:29 IST" name="beforeclass" finished-at="2025-08-20T14:45:29 IST" duration-ms="1" status="PASS">
          <reporter-output>
          </reporter-output>
        </test-method> <!-- beforeclass -->
        <test-method is-config="true" signature="beforemethod()[pri:0, instance:module_1.Tc_01@4f83df68]" started-at="2025-08-20T14:45:29 IST" name="beforemethod" finished-at="2025-08-20T14:45:29 IST" duration-ms="1" status="PASS">
          <reporter-output>
          </reporter-output>
        </test-method> <!-- beforemethod -->
        <test-method signature="demoTest()[pri:0, instance:module_1.Tc_01@4f83df68]" started-at="2025-08-20T14:45:29 IST" name="demoTest" finished-at="2025-08-20T14:45:29 IST" duration-ms="8" status="PASS">
          <reporter-output>
          </reporter-output>
        </test-method> <!-- demoTest -->
        <test-method is-config="true" signature="aftermethod()[pri:0, instance:module_1.Tc_01@4f83df68]" started-at="2025-08-20T14:45:29 IST" name="aftermethod" finished-at="2025-08-20T14:45:29 IST" duration-ms="1" status="PASS">
          <reporter-output>
          </reporter-output>
        </test-method> <!-- aftermethod -->
        <test-method is-config="true" signature="afterclass()[pri:0, instance:module_1.Tc_01@4f83df68]" started-at="2025-08-20T14:45:29 IST" name="afterclass" finished-at="2025-08-20T14:45:29 IST" duration-ms="1" status="PASS">
          <reporter-output>
          </reporter-output>
        </test-method> <!-- afterclass -->
        <test-method is-config="true" signature="aftersuite()[pri:0, instance:module_1.Tc_01@4f83df68]" started-at="2025-08-20T14:45:29 IST" name="aftersuite" finished-at="2025-08-20T14:45:29 IST" duration-ms="1" status="PASS">
          <reporter-output>
          </reporter-output>
        </test-method> <!-- aftersuite -->
      </class> <!-- module_1.Tc_01 -->
    </test> <!-- Test -->
  </suite> <!-- Suite -->
</testng-results>
